<?xml version="1.0" encoding="UTF-8"?>
<!-- Generated by org.testng.reporters.JUnitXMLReporter -->
<testsuite hostname="TYSS-ELF-Manjunath" name="Test" tests="1" failures="1" timestamp="22 Apr 2020 01:17:50 GMT" time="32.135" errors="0">
  <testcase name="createOpportunityTest" time="0.007" classname="com.vTigerCRM.testScripts.CreateOpportunityTest">
    <failure type="java.lang.AssertionError" message="expected [true] but found [false]">
      <![CDATA[java.lang.AssertionError: expected [true] but found [false]
	at com.vTigerCRM.testScripts.CreateOpportunityTest.createOpportunityTest(CreateOpportunityTest.java:16)
... Removed 29 stack frames]]>
    </failure>
  </testcase> <!-- createOpportunityTest -->
</testsuite> <!-- Test -->
